2017/10/14 20:53:05 [error] [exception.CException] CException: Property "CWebUser.identity" is not defined. in /var/www/html/yii/framework/base/CComponent.php:130
Stack trace:
#0 /var/www/html/yii/framework/web/auth/CWebUser.php(146): CComponent->__get('identity')
#1 /var/www/html/testyii/protected/views/layouts/main.php(37): CWebUser->__get('identity')
#2 /var/www/html/yii/framework/web/CBaseController.php(126): require('/var/www/html/t...')
#3 /var/www/html/yii/framework/web/CBaseController.php(95): CBaseController->renderInternal('/var/www/html/t...', Array, true)
#4 /var/www/html/yii/framework/web/widgets/CContentDecorator.php(76): CBaseController->renderFile('/var/www/html/t...', Array, true)
#5 /var/www/html/yii/framework/web/widgets/CContentDecorator.php(54): CContentDecorator->decorate('<div id="conten...')
#6 /var/www/html/yii/framework/web/widgets/COutputProcessor.php(44): CContentDecorator->processOutput('<div id="conten...')
#7 /var/www/html/yii/framework/web/CBaseController.php(215): COutputProcessor->run()
#8 /var/www/html/yii/framework/web/CBaseController.php(309): CBaseController->endWidget('CContentDecorat...')
#9 /var/www/html/testyii/protected/views/layouts/column1.php(6): CBaseController->endContent()
#10 /var/www/html/yii/framework/web/CBaseController.php(126): require('/var/www/html/t...')
#11 /var/www/html/yii/framework/web/CBaseController.php(95): CBaseController->renderInternal('/var/www/html/t...', Array, true)
#12 /var/www/html/yii/framework/web/CController.php(787): CBaseController->renderFile('/var/www/html/t...', Array, true)
#13 /var/www/html/testyii/protected/controllers/SiteController.php(32): CController->render('index')
#14 /var/www/html/yii/framework/web/actions/CInlineAction.php(49): SiteController->actionIndex()
#15 /var/www/html/yii/framework/web/CController.php(308): CInlineAction->runWithParams(Array)
#16 /var/www/html/yii/framework/web/CController.php(286): CController->runAction(Object(CInlineAction))
#17 /var/www/html/yii/framework/web/CController.php(265): CController->runActionWithFilters(Object(CInlineAction), Array)
#18 /var/www/html/yii/framework/web/CWebApplication.php(282): CController->run('')
#19 /var/www/html/yii/framework/web/CWebApplication.php(141): CWebApplication->runController('')
#20 /var/www/html/yii/framework/base/CApplication.php(185): CWebApplication->processRequest()
#21 /var/www/html/testyii/index.php(13): CApplication->run()
#22 {main}
REQUEST_URI=/testyii/index.php
HTTP_REFERER=http://localhost/testyii/index.php
---
